<?xml version="1.0" encoding="UTF-8"?>
<!-- Generated by org.testng.reporters.JUnitReportReporter -->
<testsuite skipped="0" hostname="LAPTOP-N8KB70JR" name="MavenJavaFravework.TestNGDemo" tests="1" failures="0" timestamp="24 Apr 2019 01:12:19 GMT" time="11.095" errors="0">
  <testcase name="googleSearch" time="11.095" classname="MavenJavaFravework.TestNGDemo"/>
</testsuite> <!-- MavenJavaFravework.TestNGDemo -->
